C:\USERS\MOI\DESKTOP\WIN32PROJECT1\WIN32PROJECT1\DEBUG\SOURCE.OBJ
C:\USERS\MOI\DESKTOP\WIN32PROJECT1\WIN32PROJECT1\DEBUG\VC110.PDB
C:\USERS\MOI\DESKTOP\WIN32PROJECT1\DEBUG\WIN32PROJECT1.ILK
C:\USERS\MOI\DESKTOP\WIN32PROJECT1\DEBUG\WIN32PROJECT1.EXE
C:\USERS\MOI\DESKTOP\WIN32PROJECT1\DEBUG\WIN32PROJECT1.PDB
C:\USERS\MOI\DESKTOP\WIN32PROJECT1\WIN32PROJECT1\DEBUG\WIN32PROJECT1.RES
C:\Users\moi\Desktop\Win32Project1\Win32Project1\Debug\Source.obj
C:\Users\moi\Desktop\Win32Project1\Win32Project1\Debug\cl.command.1.tlog
C:\Users\moi\Desktop\Win32Project1\Win32Project1\Debug\CL.read.1.tlog
C:\Users\moi\Desktop\Win32Project1\Win32Project1\Debug\CL.write.1.tlog
C:\Users\moi\Desktop\Win32Project1\Win32Project1\Debug\link-cvtres.read.1.tlog
C:\Users\moi\Desktop\Win32Project1\Win32Project1\Debug\link-cvtres.write.1.tlog
C:\Users\moi\Desktop\Win32Project1\Win32Project1\Debug\link-rc.read.1.tlog
C:\Users\moi\Desktop\Win32Project1\Win32Project1\Debug\link-rc.write.1.tlog
C:\Users\moi\Desktop\Win32Project1\Win32Project1\Debug\link.command.1.tlog
C:\Users\moi\Desktop\Win32Project1\Win32Project1\Debug\link.read.1.tlog
C:\Users\moi\Desktop\Win32Project1\Win32Project1\Debug\link.write.1.tlog
C:\Users\moi\Desktop\Win32Project1\Win32Project1\Debug\rc.command.1.tlog
C:\Users\moi\Desktop\Win32Project1\Win32Project1\Debug\rc.read.1.tlog
C:\Users\moi\Desktop\Win32Project1\Win32Project1\Debug\rc.write.1.tlog
C:\Users\moi\Desktop\Win32Project1\Win32Project1\Debug\Win32Project1.res
C:\Users\moi\Desktop\Win32Project1\Win32Project1\Debug\vc110.idb
C:\Users\moi\Desktop\Win32Project1\Win32Project1\Debug\vc110.pdb
C:\Users\moi\Desktop\Win32Project1\Debug\Win32Project1.pdb
C:\Users\moi\Desktop\Win32Project1\Debug\Win32Project1.exe
C:\Users\moi\Desktop\Win32Project1\Debug\Win32Project1.ilk
